<?xml version="1.0" encoding="UTF-8" ?>
<testsuite tests="1" failures="0" name="com.qaconsultants.RunPagesTest" time="0.633" errors="1" skipped="0">
  <properties>
[...]
</properties>
  <testcase classname="First one" name="First scenario" time="0.633">
    <error message="The driver executable must exist: E:\!!!!\geckodriver.exe" type="java.lang.IllegalStateException">java.lang.IllegalStateException: The driver executable must exist: E:\!!!!\geckodriver.exe
	at org.openqa.selenium.internal.Require$FileStateChecker.isFile(Require.java:345)
	at org.openqa.selenium.remote.service.DriverService.checkExecutable(DriverService.java:161)
	at org.openqa.selenium.remote.service.DriverService.findExecutable(DriverService.java:156)
	at org.openqa.selenium.firefox.GeckoDriverService.access$100(GeckoDriverService.java:47)
	at org.openqa.selenium.firefox.GeckoDriverService$Builder.findDefaultExecutable(GeckoDriverService.java:164)
	at org.openqa.selenium.remote.service.DriverService$Builder.build(DriverService.java:456)
	at com.codeborne.selenide.webdriver.AbstractDriverFactory.withLog(AbstractDriverFactory.java:52)
	at com.codeborne.selenide.webdriver.FirefoxDriverFactory.createDriverService(FirefoxDriverFactory.java:63)
	at com.codeborne.selenide.webdriver.FirefoxDriverFactory.create(FirefoxDriverFactory.java:50)
	at com.codeborne.selenide.webdriver.WebDriverFactory.createWebDriverInstance(WebDriverFactory.java:121)
	at com.codeborne.selenide.webdriver.WebDriverFactory.createWebDriver(WebDriverFactory.java:67)
	at com.codeborne.selenide.drivercommands.CreateDriverCommand.lambda$createDriver$0(CreateDriverCommand.java:76)
	at com.codeborne.selenide.logevents.SelenideLogger.get(SelenideLogger.java:118)
	at com.codeborne.selenide.drivercommands.CreateDriverCommand.createDriver(CreateDriverCommand.java:52)
	at com.codeborne.selenide.impl.WebDriverThreadLocalContainer.createDriver(WebDriverThreadLocalContainer.java:186)
	at com.codeborne.selenide.impl.WebDriverThreadLocalContainer.getAndCheckWebDriver(WebDriverThreadLocalContainer.java:155)
	at com.codeborne.selenide.WebDriverRunner.getAndCheckWebDriver(WebDriverRunner.java:130)
	at com.codeborne.selenide.impl.StaticDriver.getAndCheckWebDriver(StaticDriver.java:65)
	at com.codeborne.selenide.SelenideDriver.getAndCheckWebDriver(SelenideDriver.java:220)
	at com.codeborne.selenide.drivercommands.Navigator.lambda$navigateTo$0(Navigator.java:72)
	at com.codeborne.selenide.logevents.SelenideLogger.run(SelenideLogger.java:105)
	at com.codeborne.selenide.drivercommands.Navigator.navigateTo(Navigator.java:70)
	at com.codeborne.selenide.drivercommands.Navigator.open(Navigator.java:32)
	at com.codeborne.selenide.SelenideDriver.open(SelenideDriver.java:101)
	at com.codeborne.selenide.Selenide.open(Selenide.java:52)
	at com.qaconsultants.TestSteps.lambda$new$0(TestSteps.java:19)
	at ✽.I open login page(file:///C:/Users/tegodawatte/Desktop/testFrameworkTemplate/src/test/resources/features/first.feature:6)
</error>
    <system-out>
@tag1 @tag2
Scenario: First scenario  &amp;#27;[90m# src/test/resources/features/first.feature:5&amp;#27;[0m
I open login page
  &amp;#27;[31mGiven &amp;#27;[0m&amp;#27;[31mI open login page&amp;#27;[0m &amp;#27;[90m# com.qaconsultants.TestSteps.&lt;init&gt;(TestSteps.java:14)&amp;#27;[0m
      &amp;#27;[31mjava.lang.IllegalStateException: The driver executable must exist: E:\!!!!\geckodriver.exe
	at org.openqa.selenium.internal.Require$FileStateChecker.isFile(Require.java:345)
	at org.openqa.selenium.remote.service.DriverService.checkExecutable(DriverService.java:161)
	at org.openqa.selenium.remote.service.DriverService.findExecutable(DriverService.java:156)
	at org.openqa.selenium.firefox.GeckoDriverService.access$100(GeckoDriverService.java:47)
	at org.openqa.selenium.firefox.GeckoDriverService$Builder.findDefaultExecutable(GeckoDriverService.java:164)
	at org.openqa.selenium.remote.service.DriverService$Builder.build(DriverService.java:456)
	at com.codeborne.selenide.webdriver.AbstractDriverFactory.withLog(AbstractDriverFactory.java:52)
	at com.codeborne.selenide.webdriver.FirefoxDriverFactory.createDriverService(FirefoxDriverFactory.java:63)
	at com.codeborne.selenide.webdriver.FirefoxDriverFactory.create(FirefoxDriverFactory.java:50)
	at com.codeborne.selenide.webdriver.WebDriverFactory.createWebDriverInstance(WebDriverFactory.java:121)
	at com.codeborne.selenide.webdriver.WebDriverFactory.createWebDriver(WebDriverFactory.java:67)
	at com.codeborne.selenide.drivercommands.CreateDriverCommand.lambda$createDriver$0(CreateDriverCommand.java:76)
	at com.codeborne.selenide.logevents.SelenideLogger.get(SelenideLogger.java:118)
	at com.codeborne.selenide.drivercommands.CreateDriverCommand.createDriver(CreateDriverCommand.java:52)
	at com.codeborne.selenide.impl.WebDriverThreadLocalContainer.createDriver(WebDriverThreadLocalContainer.java:186)
	at com.codeborne.selenide.impl.WebDriverThreadLocalContainer.getAndCheckWebDriver(WebDriverThreadLocalContainer.java:155)
	at com.codeborne.selenide.WebDriverRunner.getAndCheckWebDriver(WebDriverRunner.java:130)
	at com.codeborne.selenide.impl.StaticDriver.getAndCheckWebDriver(StaticDriver.java:65)
	at com.codeborne.selenide.SelenideDriver.getAndCheckWebDriver(SelenideDriver.java:220)
	at com.codeborne.selenide.drivercommands.Navigator.lambda$navigateTo$0(Navigator.java:72)
	at com.codeborne.selenide.logevents.SelenideLogger.run(SelenideLogger.java:105)
	at com.codeborne.selenide.drivercommands.Navigator.navigateTo(Navigator.java:70)
	at com.codeborne.selenide.drivercommands.Navigator.open(Navigator.java:32)
	at com.codeborne.selenide.SelenideDriver.open(SelenideDriver.java:101)
	at com.codeborne.selenide.Selenide.open(Selenide.java:52)
	at com.qaconsultants.TestSteps.lambda$new$0(TestSteps.java:19)
	at ✽.I open login page(file:///C:/Users/tegodawatte/Desktop/testFrameworkTemplate/src/test/resources/features/first.feature:6)
&amp;#27;[0m
</system-out>
    <system-err>SLF4J: No SLF4J providers were found.
SLF4J: Defaulting to no-operation (NOP) logger implementation
SLF4J: See https://www.slf4j.org/codes.html#noProviders for further details.
</system-err>
  </testcase>
</testsuite>